d:\прога\lab 9 (перегрузки)\lab 8-9\x64\debug\vc142.pdb
d:\прога\lab 9 (перегрузки)\lab 8-9\x64\debug\vc142.idb
d:\прога\lab 9 (перегрузки)\lab 8-9\x64\debug\setnum.obj
d:\прога\lab 9 (перегрузки)\lab 8-9\x64\debug\lab 8-9.obj
d:\прога\lab 9 (перегрузки)\lab 8-9\x64\debug\lab 8-9.exe
d:\прога\lab 9 (перегрузки)\lab 8-9\x64\debug\lab 8-9.ilk
d:\прога\lab 9 (перегрузки)\lab 8-9\x64\debug\lab 8-9.pdb
d:\program\прога\lab 9 (перегрузки)\lab 8-9\x64\debug\lab 8-9.obj
d:\program\прога\lab 9 (перегрузки)\lab 8-9\x64\debug\setnum.obj
d:\program\прога\lab 9 (перегрузки)\lab 8-9\x64\debug\lab 8-9.ilk
d:\program\прога\lab 9 (перегрузки)\lab 8-9\x64\debug\vc142.idb
d:\program\прога\lab 9 (перегрузки)\lab 8-9\x64\debug\lab 8-9.pdb
d:\program\прога\lab 9 (перегрузки)\lab 8-9\x64\debug\vc142.pdb
d:\program\прога\lab 9 (перегрузки)\lab 8-9\x64\debug\lab 8-9.exe
d:\program\прога\lab 9 (перегрузки)\lab 8-9\x64\debug\lab 8-9.tlog\cl.command.1.tlog
d:\program\прога\lab 9 (перегрузки)\lab 8-9\x64\debug\lab 8-9.tlog\cl.read.1.tlog
d:\program\прога\lab 9 (перегрузки)\lab 8-9\x64\debug\lab 8-9.tlog\cl.write.1.tlog
d:\program\прога\lab 9 (перегрузки)\lab 8-9\x64\debug\lab 8-9.tlog\link.command.1.tlog
d:\program\прога\lab 9 (перегрузки)\lab 8-9\x64\debug\lab 8-9.tlog\link.read.1.tlog
d:\program\прога\lab 9 (перегрузки)\lab 8-9\x64\debug\lab 8-9.tlog\link.write.1.tlog
